{"key": "Shift", "code": "ShiftLeft", "shift": true, "ctrl": false, "alt": false, "timestamp": "2025-11-13T20:39:55.864Z", "server_time": "Thu Nov 13 20:39:57 2025"}
{"key": "Shift", "code": "ShiftLeft", "shift": true, "ctrl": false, "alt": false, "timestamp": "2025-11-13T20:39:56.377Z", "server_time": "Thu Nov 13 20:39:57 2025"}
{"key": "Shift", "code": "ShiftLeft", "shift": true, "ctrl": false, "alt": false, "timestamp": "2025-11-13T20:39:56.409Z", "server_time": "Thu Nov 13 20:39:57 2025"}
{"key": "Shift", "code": "ShiftLeft", "shift": true, "ctrl": false, "alt": false, "timestamp": "2025-11-13T20:39:56.442Z", "server_time": "Thu Nov 13 20:39:57 2025"}
{"key": "Shift", "code": "ShiftLeft", "shift": true, "ctrl": false, "alt": false, "timestamp": "2025-11-13T20:39:56.476Z", "server_time": "Thu Nov 13 20:39:57 2025"}
{"key": "Shift", "code": "ShiftLeft", "shift": true, "ctrl": false, "alt": false, "timestamp": "2025-11-13T20:39:56.508Z", "server_time": "Thu Nov 13 20:39:57 2025"}
{"key": "Shift", "code": "ShiftLeft", "shift": true, "ctrl": false, "alt": false, "timestamp": "2025-11-13T20:39:56.541Z", "server_time": "Thu Nov 13 20:39:57 2025"}
{"key": "Shift", "code": "ShiftLeft", "shift": true, "ctrl": false, "alt": false, "timestamp": "2025-11-13T20:39:57.254Z", "server_time": "Thu Nov 13 20:39:57 2025"}
{"key": "G", "code": "KeyG", "shift": true, "ctrl": false, "alt": false, "timestamp": "2025-11-13T20:39:57.393Z", "server_time": "Thu Nov 13 20:39:57 2025"}
{"key": "o", "code": "KeyO", "shift": false, "ctrl": false, "alt": false, "timestamp": "2025-11-13T20:39:57.771Z", "server_time": "Thu Nov 13 20:39:57 2025"}
{"key": "d", "code": "KeyD", "shift": false, "ctrl": false, "alt": false, "timestamp": "2025-11-13T20:39:57.950Z", "server_time": "Thu Nov 13 20:40:00 2025"}
{"key": "f", "code": "KeyF", "shift": false, "ctrl": false, "alt": false, "timestamp": "2025-11-13T20:39:58.192Z", "server_time": "Thu Nov 13 20:40:00 2025"}
{"key": "r", "code": "KeyR", "shift": false, "ctrl": false, "alt": false, "timestamp": "2025-11-13T20:39:58.416Z", "server_time": "Thu Nov 13 20:40:00 2025"}
{"key": "e", "code": "KeyE", "shift": false, "ctrl": false, "alt": false, "timestamp": "2025-11-13T20:39:58.615Z", "server_time": "Thu Nov 13 20:40:00 2025"}
{"key": "d", "code": "KeyD", "shift": false, "ctrl": false, "alt": false, "timestamp": "2025-11-13T20:39:58.867Z", "server_time": "Thu Nov 13 20:40:00 2025"}
{"key": " ", "code": "Space", "shift": false, "ctrl": false, "alt": false, "timestamp": "2025-11-13T20:39:59.175Z", "server_time": "Thu Nov 13 20:40:00 2025"}
{"key": "Shift", "code": "ShiftLeft", "shift": true, "ctrl": false, "alt": false, "timestamp": "2025-11-13T20:39:59.786Z", "server_time": "Thu Nov 13 20:40:00 2025"}
{"key": "F", "code": "KeyF", "shift": true, "ctrl": false, "alt": false, "timestamp": "2025-11-13T20:39:59.985Z", "server_time": "Thu Nov 13 20:40:00 2025"}
{"key": "o", "code": "KeyO", "shift": false, "ctrl": false, "alt": false, "timestamp": "2025-11-13T20:40:00.422Z", "server_time": "Thu Nov 13 20:40:00 2025"}
{"key": "k", "code": "KeyK", "shift": false, "ctrl": false, "alt": false, "timestamp": "2025-11-13T20:40:00.651Z", "server_time": "Thu Nov 13 20:40:00 2025"}
{"key": "u", "code": "KeyU", "shift": false, "ctrl": false, "alt": false, "timestamp": "2025-11-13T20:40:00.946Z", "server_time": "Thu Nov 13 20:40:03 2025"}
{"key": "o", "code": "KeyO", "shift": false, "ctrl": false, "alt": false, "timestamp": "2025-11-13T20:40:01.230Z", "server_time": "Thu Nov 13 20:40:03 2025"}
